0 info it worked if it ends with ok
1 verbose cli [ '/usr/local/bin/node', '/usr/local/bin/npm', 'start' ]
2 info using npm@3.10.9
3 info using node@v7.1.0
4 verbose run-script [ 'prestart', 'start', 'poststart' ]
5 info lifecycle memmi-client-side@1.0.0~prestart: memmi-client-side@1.0.0
6 silly lifecycle memmi-client-side@1.0.0~prestart: no script for prestart, continuing
7 info lifecycle memmi-client-side@1.0.0~start: memmi-client-side@1.0.0
8 verbose lifecycle memmi-client-side@1.0.0~start: unsafe-perm in lifecycle true
9 verbose lifecycle memmi-client-side@1.0.0~start: PATH: /usr/local/lib/node_modules/npm/bin/node-gyp-bin:/home/bartushk/workspace/memmi/client-side/node_modules/.bin:/home/bartushk/.vim/scripts:/home/bartushk/.go/bin:/home/bartushk/bin:/home/bartushk/.local/bin:/usr/local/sbin:/usr/local/bin:/usr/sbin:/usr/bin:/sbin:/bin:/usr/games:/usr/local/games:/snap/bin
10 verbose lifecycle memmi-client-side@1.0.0~start: CWD: /home/bartushk/workspace/memmi/client-side
11 silly lifecycle memmi-client-side@1.0.0~start: Args: [ '-c',
11 silly lifecycle   'webpack-dev-server --inline --hot --history-api-fallback' ]
12 info lifecycle memmi-client-side@1.0.0~start: Failed to exec start script
13 verbose stack Error: memmi-client-side@1.0.0 start: `webpack-dev-server --inline --hot --history-api-fallback`
13 verbose stack spawn ENOENT
13 verbose stack     at ChildProcess.<anonymous> (/usr/local/lib/node_modules/npm/lib/utils/spawn.js:33:16)
13 verbose stack     at emitTwo (events.js:106:13)
13 verbose stack     at ChildProcess.emit (events.js:191:7)
13 verbose stack     at maybeClose (internal/child_process.js:885:16)
13 verbose stack     at Process.ChildProcess._handle.onexit (internal/child_process.js:226:5)
14 verbose pkgid memmi-client-side@1.0.0
15 verbose cwd /home/bartushk/workspace/memmi/client-side/src/components/Header
16 error Linux 4.6.0-040600-generic
17 error argv "/usr/local/bin/node" "/usr/local/bin/npm" "start"
18 error node v7.1.0
19 error npm  v3.10.9
20 error file sh
21 error code ELIFECYCLE
22 error errno ENOENT
23 error syscall spawn
24 error memmi-client-side@1.0.0 start: `webpack-dev-server --inline --hot --history-api-fallback`
24 error spawn ENOENT
25 error Failed at the memmi-client-side@1.0.0 start script 'webpack-dev-server --inline --hot --history-api-fallback'.
25 error Make sure you have the latest version of node.js and npm installed.
25 error If you do, this is most likely a problem with the memmi-client-side package,
25 error not with npm itself.
25 error Tell the author that this fails on your system:
25 error     webpack-dev-server --inline --hot --history-api-fallback
25 error You can get information on how to open an issue for this project with:
25 error     npm bugs memmi-client-side
25 error Or if that isn't available, you can get their info via:
25 error     npm owner ls memmi-client-side
25 error There is likely additional logging output above.
26 verbose exit [ 1, true ]
